<?xml version="1.0" encoding="UTF-8"?>
<!-- Generated by org.testng.reporters.JUnitXMLReporter -->
<testsuite ignored="0" hostname="idea-PC" failures="0" tests="4" name="strlogin" time="16.448" errors="0" timestamp="2021-06-11T10:57:02 GST">
  <testcase classname="Scripts.BaseClass" name="login" time="0.008"/>
  <testcase classname="Scripts.BaseClass" name="pmyfirsttest" time="7.256"/>
  <testcase classname="Scripts.BaseClass" name="strGoogleSearch" time="6.278"/>
  <testcase classname="Scripts.BaseClass" name="strlogin" time="0.709"/>
</testsuite> <!-- strlogin -->
